  get_api.cpp
G:\github\Dictionary\ver1.1\Dictinoary\get_api.cpp(1,1): warning C4828: 파일에 0x3e 오프셋에서 시작하는 문자가 포함되어 있습니다. 이 문자는 현재 원본 문자 집합에서 잘못된 문자입니다(코드 페이지 65001).
G:\github\Dictionary\ver1.1\Dictinoary\get_api.cpp(1,1): warning C4828: 파일에 0x40 오프셋에서 시작하는 문자가 포함되어 있습니다. 이 문자는 현재 원본 문자 집합에서 잘못된 문자입니다(코드 페이지 65001).
G:\github\Dictionary\ver1.1\Dictinoary\get_api.cpp(1,1): warning C4828: 파일에 0x41 오프셋에서 시작하는 문자가 포함되어 있습니다. 이 문자는 현재 원본 문자 집합에서 잘못된 문자입니다(코드 페이지 65001).
G:\github\Dictionary\ver1.1\Dictinoary\get_api.cpp(1,1): warning C4828: 파일에 0x45 오프셋에서 시작하는 문자가 포함되어 있습니다. 이 문자는 현재 원본 문자 집합에서 잘못된 문자입니다(코드 페이지 65001).
G:\github\Dictionary\ver1.1\Dictinoary\get_api.cpp(1,1): warning C4828: 파일에 0x48 오프셋에서 시작하는 문자가 포함되어 있습니다. 이 문자는 현재 원본 문자 집합에서 잘못된 문자입니다(코드 페이지 65001).
G:\github\Dictionary\ver1.1\Dictinoary\get_api.cpp(1,1): warning C4828: 파일에 0x4b 오프셋에서 시작하는 문자가 포함되어 있습니다. 이 문자는 현재 원본 문자 집합에서 잘못된 문자입니다(코드 페이지 65001).
G:\github\Dictionary\ver1.1\Dictinoary\get_api.cpp(1,1): warning C4828: 파일에 0x4c 오프셋에서 시작하는 문자가 포함되어 있습니다. 이 문자는 현재 원본 문자 집합에서 잘못된 문자입니다(코드 페이지 65001).
G:\github\Dictionary\ver1.1\Dictinoary\get_api.cpp(1,1): warning C4828: 파일에 0x4e 오프셋에서 시작하는 문자가 포함되어 있습니다. 이 문자는 현재 원본 문자 집합에서 잘못된 문자입니다(코드 페이지 65001).
G:\github\Dictionary\ver1.1\Dictinoary\get_api.cpp(1,1): warning C4828: 파일에 0x50 오프셋에서 시작하는 문자가 포함되어 있습니다. 이 문자는 현재 원본 문자 집합에서 잘못된 문자입니다(코드 페이지 65001).
G:\github\Dictionary\ver1.1\Dictinoary\get_api.cpp(1,1): warning C4828: 파일에 0x51 오프셋에서 시작하는 문자가 포함되어 있습니다. 이 문자는 현재 원본 문자 집합에서 잘못된 문자입니다(코드 페이지 65001).
G:\github\Dictionary\ver1.1\Dictinoary\get_api.cpp(1,1): warning C4828: 파일에 0x53 오프셋에서 시작하는 문자가 포함되어 있습니다. 이 문자는 현재 원본 문자 집합에서 잘못된 문자입니다(코드 페이지 65001).
G:\github\Dictionary\ver1.1\Dictinoary\get_api.cpp(1,1): warning C4828: 파일에 0x54 오프셋에서 시작하는 문자가 포함되어 있습니다. 이 문자는 현재 원본 문자 집합에서 잘못된 문자입니다(코드 페이지 65001).
G:\github\Dictionary\ver1.1\Dictinoary\get_api.cpp(1,1): warning C4828: 파일에 0x58 오프셋에서 시작하는 문자가 포함되어 있습니다. 이 문자는 현재 원본 문자 집합에서 잘못된 문자입니다(코드 페이지 65001).
G:\github\Dictionary\ver1.1\Dictinoary\get_api.cpp(1,1): warning C4828: 파일에 0x59 오프셋에서 시작하는 문자가 포함되어 있습니다. 이 문자는 현재 원본 문자 집합에서 잘못된 문자입니다(코드 페이지 65001).
G:\github\Dictionary\ver1.1\Dictinoary\get_api.cpp(1,1): warning C4828: 파일에 0x5a 오프셋에서 시작하는 문자가 포함되어 있습니다. 이 문자는 현재 원본 문자 집합에서 잘못된 문자입니다(코드 페이지 65001).
G:\github\Dictionary\ver1.1\Dictinoary\get_api.cpp(1,1): warning C4828: 파일에 0x61 오프셋에서 시작하는 문자가 포함되어 있습니다. 이 문자는 현재 원본 문자 집합에서 잘못된 문자입니다(코드 페이지 65001).
G:\github\Dictionary\ver1.1\Dictinoary\get_api.cpp(1,1): warning C4828: 파일에 0x62 오프셋에서 시작하는 문자가 포함되어 있습니다. 이 문자는 현재 원본 문자 집합에서 잘못된 문자입니다(코드 페이지 65001).
G:\github\Dictionary\ver1.1\Dictinoary\get_api.cpp(1,1): warning C4828: 파일에 0x64 오프셋에서 시작하는 문자가 포함되어 있습니다. 이 문자는 현재 원본 문자 집합에서 잘못된 문자입니다(코드 페이지 65001).
G:\github\Dictionary\ver1.1\Dictinoary\get_api.cpp(1,1): warning C4828: 파일에 0x65 오프셋에서 시작하는 문자가 포함되어 있습니다. 이 문자는 현재 원본 문자 집합에서 잘못된 문자입니다(코드 페이지 65001).
G:\github\Dictionary\ver1.1\Dictinoary\get_api.cpp(1,1): warning C4828: 파일에 0x66 오프셋에서 시작하는 문자가 포함되어 있습니다. 이 문자는 현재 원본 문자 집합에서 잘못된 문자입니다(코드 페이지 65001).
G:\github\Dictionary\ver1.1\Dictinoary\get_api.cpp(1,1): warning C4828: 파일에 0x67 오프셋에서 시작하는 문자가 포함되어 있습니다. 이 문자는 현재 원본 문자 집합에서 잘못된 문자입니다(코드 페이지 65001).
G:\github\Dictionary\ver1.1\Dictinoary\get_api.cpp(1,1): warning C4828: 파일에 0xb8 오프셋에서 시작하는 문자가 포함되어 있습니다. 이 문자는 현재 원본 문자 집합에서 잘못된 문자입니다(코드 페이지 65001).
G:\github\Dictionary\ver1.1\Dictinoary\get_api.cpp(1,1): warning C4828: 파일에 0xb9 오프셋에서 시작하는 문자가 포함되어 있습니다. 이 문자는 현재 원본 문자 집합에서 잘못된 문자입니다(코드 페이지 65001).
G:\github\Dictionary\ver1.1\Dictinoary\get_api.cpp(1,1): warning C4828: 파일에 0xbc 오프셋에서 시작하는 문자가 포함되어 있습니다. 이 문자는 현재 원본 문자 집합에서 잘못된 문자입니다(코드 페이지 65001).
G:\github\Dictionary\ver1.1\Dictinoary\get_api.cpp(1,1): warning C4828: 파일에 0xbd 오프셋에서 시작하는 문자가 포함되어 있습니다. 이 문자는 현재 원본 문자 집합에서 잘못된 문자입니다(코드 페이지 65001).
G:\github\Dictionary\ver1.1\Dictinoary\get_api.cpp(1,1): warning C4828: 파일에 0xc0 오프셋에서 시작하는 문자가 포함되어 있습니다. 이 문자는 현재 원본 문자 집합에서 잘못된 문자입니다(코드 페이지 65001).
G:\github\Dictionary\ver1.1\Dictinoary\get_api.cpp(1,1): warning C4828: 파일에 0xc1 오프셋에서 시작하는 문자가 포함되어 있습니다. 이 문자는 현재 원본 문자 집합에서 잘못된 문자입니다(코드 페이지 65001).
G:\github\Dictionary\ver1.1\Dictinoary\get_api.cpp(1,1): warning C4828: 파일에 0xc3 오프셋에서 시작하는 문자가 포함되어 있습니다. 이 문자는 현재 원본 문자 집합에서 잘못된 문자입니다(코드 페이지 65001).
G:\github\Dictionary\ver1.1\Dictinoary\get_api.cpp(1,1): warning C4828: 파일에 0xc4 오프셋에서 시작하는 문자가 포함되어 있습니다. 이 문자는 현재 원본 문자 집합에서 잘못된 문자입니다(코드 페이지 65001).
G:\github\Dictionary\ver1.1\Dictinoary\get_api.cpp(1,1): warning C4828: 파일에 0xc6 오프셋에서 시작하는 문자가 포함되어 있습니다. 이 문자는 현재 원본 문자 집합에서 잘못된 문자입니다(코드 페이지 65001).
G:\github\Dictionary\ver1.1\Dictinoary\get_api.cpp(1,1): warning C4828: 파일에 0xc9 오프셋에서 시작하는 문자가 포함되어 있습니다. 이 문자는 현재 원본 문자 집합에서 잘못된 문자입니다(코드 페이지 65001).
G:\github\Dictionary\ver1.1\Dictinoary\get_api.cpp(1,1): warning C4828: 파일에 0xca 오프셋에서 시작하는 문자가 포함되어 있습니다. 이 문자는 현재 원본 문자 집합에서 잘못된 문자입니다(코드 페이지 65001).
G:\github\Dictionary\ver1.1\Dictinoary\get_api.cpp(1,1): warning C4828: 파일에 0xcc 오프셋에서 시작하는 문자가 포함되어 있습니다. 이 문자는 현재 원본 문자 집합에서 잘못된 문자입니다(코드 페이지 65001).
G:\github\Dictionary\ver1.1\Dictinoary\get_api.cpp(1,1): warning C4828: 파일에 0xcd 오프셋에서 시작하는 문자가 포함되어 있습니다. 이 문자는 현재 원본 문자 집합에서 잘못된 문자입니다(코드 페이지 65001).
G:\github\Dictionary\ver1.1\Dictinoary\get_api.cpp(1,1): warning C4828: 파일에 0xd7 오프셋에서 시작하는 문자가 포함되어 있습니다. 이 문자는 현재 원본 문자 집합에서 잘못된 문자입니다(코드 페이지 65001).
  get_vocabulary.cpp
G:\github\Dictionary\ver1.1\Dictinoary\get_vocabulary.cpp(1,1): warning C4828: 파일에 0x79 오프셋에서 시작하는 문자가 포함되어 있습니다. 이 문자는 현재 원본 문자 집합에서 잘못된 문자입니다(코드 페이지 65001).
G:\github\Dictionary\ver1.1\Dictinoary\get_vocabulary.cpp(1,1): warning C4828: 파일에 0x7a 오프셋에서 시작하는 문자가 포함되어 있습니다. 이 문자는 현재 원본 문자 집합에서 잘못된 문자입니다(코드 페이지 65001).
G:\github\Dictionary\ver1.1\Dictinoary\get_vocabulary.cpp(1,1): warning C4828: 파일에 0x7c 오프셋에서 시작하는 문자가 포함되어 있습니다. 이 문자는 현재 원본 문자 집합에서 잘못된 문자입니다(코드 페이지 65001).
G:\github\Dictionary\ver1.1\Dictinoary\get_vocabulary.cpp(1,1): warning C4828: 파일에 0x7d 오프셋에서 시작하는 문자가 포함되어 있습니다. 이 문자는 현재 원본 문자 집합에서 잘못된 문자입니다(코드 페이지 65001).
G:\github\Dictionary\ver1.1\Dictinoary\get_vocabulary.cpp(1,1): warning C4828: 파일에 0x80 오프셋에서 시작하는 문자가 포함되어 있습니다. 이 문자는 현재 원본 문자 집합에서 잘못된 문자입니다(코드 페이지 65001).
G:\github\Dictionary\ver1.1\Dictinoary\get_vocabulary.cpp(1,1): warning C4828: 파일에 0x81 오프셋에서 시작하는 문자가 포함되어 있습니다. 이 문자는 현재 원본 문자 집합에서 잘못된 문자입니다(코드 페이지 65001).
G:\github\Dictionary\ver1.1\Dictinoary\get_vocabulary.cpp(1,1): warning C4828: 파일에 0x82 오프셋에서 시작하는 문자가 포함되어 있습니다. 이 문자는 현재 원본 문자 집합에서 잘못된 문자입니다(코드 페이지 65001).
G:\github\Dictionary\ver1.1\Dictinoary\get_vocabulary.cpp(1,1): warning C4828: 파일에 0x83 오프셋에서 시작하는 문자가 포함되어 있습니다. 이 문자는 현재 원본 문자 집합에서 잘못된 문자입니다(코드 페이지 65001).
G:\github\Dictionary\ver1.1\Dictinoary\get_vocabulary.cpp(1,1): warning C4828: 파일에 0x90 오프셋에서 시작하는 문자가 포함되어 있습니다. 이 문자는 현재 원본 문자 집합에서 잘못된 문자입니다(코드 페이지 65001).
G:\github\Dictionary\ver1.1\Dictinoary\get_vocabulary.cpp(1,1): warning C4828: 파일에 0x92 오프셋에서 시작하는 문자가 포함되어 있습니다. 이 문자는 현재 원본 문자 집합에서 잘못된 문자입니다(코드 페이지 65001).
G:\github\Dictionary\ver1.1\Dictinoary\get_vocabulary.cpp(1,1): warning C4828: 파일에 0x93 오프셋에서 시작하는 문자가 포함되어 있습니다. 이 문자는 현재 원본 문자 집합에서 잘못된 문자입니다(코드 페이지 65001).
G:\github\Dictionary\ver1.1\Dictinoary\get_vocabulary.cpp(1,1): warning C4828: 파일에 0x95 오프셋에서 시작하는 문자가 포함되어 있습니다. 이 문자는 현재 원본 문자 집합에서 잘못된 문자입니다(코드 페이지 65001).
G:\github\Dictionary\ver1.1\Dictinoary\get_vocabulary.cpp(1,1): warning C4828: 파일에 0x97 오프셋에서 시작하는 문자가 포함되어 있습니다. 이 문자는 현재 원본 문자 집합에서 잘못된 문자입니다(코드 페이지 65001).
G:\github\Dictionary\ver1.1\Dictinoary\get_vocabulary.cpp(1,1): warning C4828: 파일에 0x98 오프셋에서 시작하는 문자가 포함되어 있습니다. 이 문자는 현재 원본 문자 집합에서 잘못된 문자입니다(코드 페이지 65001).
G:\github\Dictionary\ver1.1\Dictinoary\get_vocabulary.cpp(1,1): warning C4828: 파일에 0x9a 오프셋에서 시작하는 문자가 포함되어 있습니다. 이 문자는 현재 원본 문자 집합에서 잘못된 문자입니다(코드 페이지 65001).
G:\github\Dictionary\ver1.1\Dictinoary\get_vocabulary.cpp(1,1): warning C4828: 파일에 0x9e 오프셋에서 시작하는 문자가 포함되어 있습니다. 이 문자는 현재 원본 문자 집합에서 잘못된 문자입니다(코드 페이지 65001).
G:\github\Dictionary\ver1.1\Dictinoary\get_vocabulary.cpp(1,1): warning C4828: 파일에 0xa0 오프셋에서 시작하는 문자가 포함되어 있습니다. 이 문자는 현재 원본 문자 집합에서 잘못된 문자입니다(코드 페이지 65001).
G:\github\Dictionary\ver1.1\Dictinoary\get_vocabulary.cpp(1,1): warning C4828: 파일에 0xa1 오프셋에서 시작하는 문자가 포함되어 있습니다. 이 문자는 현재 원본 문자 집합에서 잘못된 문자입니다(코드 페이지 65001).
G:\github\Dictionary\ver1.1\Dictinoary\get_vocabulary.cpp(1,1): warning C4828: 파일에 0xa3 오프셋에서 시작하는 문자가 포함되어 있습니다. 이 문자는 현재 원본 문자 집합에서 잘못된 문자입니다(코드 페이지 65001).
G:\github\Dictionary\ver1.1\Dictinoary\get_vocabulary.cpp(1,1): warning C4828: 파일에 0xa4 오프셋에서 시작하는 문자가 포함되어 있습니다. 이 문자는 현재 원본 문자 집합에서 잘못된 문자입니다(코드 페이지 65001).
G:\github\Dictionary\ver1.1\Dictinoary\get_vocabulary.cpp(1,1): warning C4828: 파일에 0xde 오프셋에서 시작하는 문자가 포함되어 있습니다. 이 문자는 현재 원본 문자 집합에서 잘못된 문자입니다(코드 페이지 65001).
G:\github\Dictionary\ver1.1\Dictinoary\get_vocabulary.cpp(1,1): warning C4828: 파일에 0xe0 오프셋에서 시작하는 문자가 포함되어 있습니다. 이 문자는 현재 원본 문자 집합에서 잘못된 문자입니다(코드 페이지 65001).
G:\github\Dictionary\ver1.1\Dictinoary\get_vocabulary.cpp(1,1): warning C4828: 파일에 0xe1 오프셋에서 시작하는 문자가 포함되어 있습니다. 이 문자는 현재 원본 문자 집합에서 잘못된 문자입니다(코드 페이지 65001).
G:\github\Dictionary\ver1.1\Dictinoary\get_vocabulary.cpp(1,1): warning C4828: 파일에 0xe3 오프셋에서 시작하는 문자가 포함되어 있습니다. 이 문자는 현재 원본 문자 집합에서 잘못된 문자입니다(코드 페이지 65001).
G:\github\Dictionary\ver1.1\Dictinoary\get_vocabulary.cpp(1,1): warning C4828: 파일에 0xe5 오프셋에서 시작하는 문자가 포함되어 있습니다. 이 문자는 현재 원본 문자 집합에서 잘못된 문자입니다(코드 페이지 65001).
G:\github\Dictionary\ver1.1\Dictinoary\get_vocabulary.cpp(1,1): warning C4828: 파일에 0xe6 오프셋에서 시작하는 문자가 포함되어 있습니다. 이 문자는 현재 원본 문자 집합에서 잘못된 문자입니다(코드 페이지 65001).
G:\github\Dictionary\ver1.1\Dictinoary\get_vocabulary.cpp(1,1): warning C4828: 파일에 0xe7 오프셋에서 시작하는 문자가 포함되어 있습니다. 이 문자는 현재 원본 문자 집합에서 잘못된 문자입니다(코드 페이지 65001).
G:\github\Dictionary\ver1.1\Dictinoary\get_vocabulary.cpp(1,1): warning C4828: 파일에 0xe8 오프셋에서 시작하는 문자가 포함되어 있습니다. 이 문자는 현재 원본 문자 집합에서 잘못된 문자입니다(코드 페이지 65001).
G:\github\Dictionary\ver1.1\Dictinoary\get_vocabulary.cpp(1,1): warning C4828: 파일에 0xec 오프셋에서 시작하는 문자가 포함되어 있습니다. 이 문자는 현재 원본 문자 집합에서 잘못된 문자입니다(코드 페이지 65001).
G:\github\Dictionary\ver1.1\Dictinoary\get_vocabulary.cpp(1,1): warning C4828: 파일에 0xee 오프셋에서 시작하는 문자가 포함되어 있습니다. 이 문자는 현재 원본 문자 집합에서 잘못된 문자입니다(코드 페이지 65001).
G:\github\Dictionary\ver1.1\Dictinoary\get_vocabulary.cpp(1,1): warning C4828: 파일에 0xef 오프셋에서 시작하는 문자가 포함되어 있습니다. 이 문자는 현재 원본 문자 집합에서 잘못된 문자입니다(코드 페이지 65001).
G:\github\Dictionary\ver1.1\Dictinoary\get_vocabulary.cpp(1,1): warning C4828: 파일에 0xf0 오프셋에서 시작하는 문자가 포함되어 있습니다. 이 문자는 현재 원본 문자 집합에서 잘못된 문자입니다(코드 페이지 65001).
G:\github\Dictionary\ver1.1\Dictinoary\get_vocabulary.cpp(1,1): warning C4828: 파일에 0xf3 오프셋에서 시작하는 문자가 포함되어 있습니다. 이 문자는 현재 원본 문자 집합에서 잘못된 문자입니다(코드 페이지 65001).
G:\github\Dictionary\ver1.1\Dictinoary\get_vocabulary.cpp(1,1): warning C4828: 파일에 0x180 오프셋에서 시작하는 문자가 포함되어 있습니다. 이 문자는 현재 원본 문자 집합에서 잘못된 문자입니다(코드 페이지 65001).
G:\github\Dictionary\ver1.1\Dictinoary\get_vocabulary.cpp(1,1): warning C4828: 파일에 0x181 오프셋에서 시작하는 문자가 포함되어 있습니다. 이 문자는 현재 원본 문자 집합에서 잘못된 문자입니다(코드 페이지 65001).
G:\github\Dictionary\ver1.1\Dictinoary\get_vocabulary.cpp(1,1): warning C4828: 파일에 0x183 오프셋에서 시작하는 문자가 포함되어 있습니다. 이 문자는 현재 원본 문자 집합에서 잘못된 문자입니다(코드 페이지 65001).
G:\github\Dictionary\ver1.1\Dictinoary\get_vocabulary.cpp(1,1): warning C4828: 파일에 0x184 오프셋에서 시작하는 문자가 포함되어 있습니다. 이 문자는 현재 원본 문자 집합에서 잘못된 문자입니다(코드 페이지 65001).
G:\github\Dictionary\ver1.1\Dictinoary\get_vocabulary.cpp(1,1): warning C4828: 파일에 0x185 오프셋에서 시작하는 문자가 포함되어 있습니다. 이 문자는 현재 원본 문자 집합에서 잘못된 문자입니다(코드 페이지 65001).
G:\github\Dictionary\ver1.1\Dictinoary\get_vocabulary.cpp(1,1): warning C4828: 파일에 0x186 오프셋에서 시작하는 문자가 포함되어 있습니다. 이 문자는 현재 원본 문자 집합에서 잘못된 문자입니다(코드 페이지 65001).
G:\github\Dictionary\ver1.1\Dictinoary\get_vocabulary.cpp(1,1): warning C4828: 파일에 0x196 오프셋에서 시작하는 문자가 포함되어 있습니다. 이 문자는 현재 원본 문자 집합에서 잘못된 문자입니다(코드 페이지 65001).
G:\github\Dictionary\ver1.1\Dictinoary\get_vocabulary.cpp(1,1): warning C4828: 파일에 0x197 오프셋에서 시작하는 문자가 포함되어 있습니다. 이 문자는 현재 원본 문자 집합에서 잘못된 문자입니다(코드 페이지 65001).
G:\github\Dictionary\ver1.1\Dictinoary\get_vocabulary.cpp(1,1): warning C4828: 파일에 0x199 오프셋에서 시작하는 문자가 포함되어 있습니다. 이 문자는 현재 원본 문자 집합에서 잘못된 문자입니다(코드 페이지 65001).
G:\github\Dictionary\ver1.1\Dictinoary\get_vocabulary.cpp(1,1): warning C4828: 파일에 0x19b 오프셋에서 시작하는 문자가 포함되어 있습니다. 이 문자는 현재 원본 문자 집합에서 잘못된 문자입니다(코드 페이지 65001).
G:\github\Dictionary\ver1.1\Dictinoary\get_vocabulary.cpp(1,1): warning C4828: 파일에 0x19c 오프셋에서 시작하는 문자가 포함되어 있습니다. 이 문자는 현재 원본 문자 집합에서 잘못된 문자입니다(코드 페이지 65001).
G:\github\Dictionary\ver1.1\Dictinoary\get_vocabulary.cpp(1,1): warning C4828: 파일에 0x1b2 오프셋에서 시작하는 문자가 포함되어 있습니다. 이 문자는 현재 원본 문자 집합에서 잘못된 문자입니다(코드 페이지 65001).
G:\github\Dictionary\ver1.1\Dictinoary\get_vocabulary.cpp(1,1): warning C4828: 파일에 0x1b3 오프셋에서 시작하는 문자가 포함되어 있습니다. 이 문자는 현재 원본 문자 집합에서 잘못된 문자입니다(코드 페이지 65001).
G:\github\Dictionary\ver1.1\Dictinoary\get_vocabulary.cpp(1,1): warning C4828: 파일에 0x1b5 오프셋에서 시작하는 문자가 포함되어 있습니다. 이 문자는 현재 원본 문자 집합에서 잘못된 문자입니다(코드 페이지 65001).
G:\github\Dictionary\ver1.1\Dictinoary\get_vocabulary.cpp(1,1): warning C4828: 파일에 0x1b6 오프셋에서 시작하는 문자가 포함되어 있습니다. 이 문자는 현재 원본 문자 집합에서 잘못된 문자입니다(코드 페이지 65001).
G:\github\Dictionary\ver1.1\Dictinoary\get_vocabulary.cpp(1,1): warning C4828: 파일에 0x1b7 오프셋에서 시작하는 문자가 포함되어 있습니다. 이 문자는 현재 원본 문자 집합에서 잘못된 문자입니다(코드 페이지 65001).
G:\github\Dictionary\ver1.1\Dictinoary\get_vocabulary.cpp(1,1): warning C4828: 파일에 0x1ba 오프셋에서 시작하는 문자가 포함되어 있습니다. 이 문자는 현재 원본 문자 집합에서 잘못된 문자입니다(코드 페이지 65001).
G:\github\Dictionary\ver1.1\Dictinoary\get_vocabulary.cpp(1,1): warning C4828: 파일에 0x1bc 오프셋에서 시작하는 문자가 포함되어 있습니다. 이 문자는 현재 원본 문자 집합에서 잘못된 문자입니다(코드 페이지 65001).
G:\github\Dictionary\ver1.1\Dictinoary\get_vocabulary.cpp(1,1): warning C4828: 파일에 0x1bd 오프셋에서 시작하는 문자가 포함되어 있습니다. 이 문자는 현재 원본 문자 집합에서 잘못된 문자입니다(코드 페이지 65001).
G:\github\Dictionary\ver1.1\Dictinoary\get_vocabulary.cpp(1,1): warning C4828: 파일에 0x1c0 오프셋에서 시작하는 문자가 포함되어 있습니다. 이 문자는 현재 원본 문자 집합에서 잘못된 문자입니다(코드 페이지 65001).
G:\github\Dictionary\ver1.1\Dictinoary\get_vocabulary.cpp(1,1): warning C4828: 파일에 0x1c1 오프셋에서 시작하는 문자가 포함되어 있습니다. 이 문자는 현재 원본 문자 집합에서 잘못된 문자입니다(코드 페이지 65001).
G:\github\Dictionary\ver1.1\Dictinoary\get_vocabulary.cpp(1,1): warning C4828: 파일에 0x1c3 오프셋에서 시작하는 문자가 포함되어 있습니다. 이 문자는 현재 원본 문자 집합에서 잘못된 문자입니다(코드 페이지 65001).
G:\github\Dictionary\ver1.1\Dictinoary\get_vocabulary.cpp(1,1): warning C4828: 파일에 0x1c4 오프셋에서 시작하는 문자가 포함되어 있습니다. 이 문자는 현재 원본 문자 집합에서 잘못된 문자입니다(코드 페이지 65001).
G:\github\Dictionary\ver1.1\Dictinoary\get_vocabulary.cpp(1,1): warning C4828: 파일에 0x1cb 오프셋에서 시작하는 문자가 포함되어 있습니다. 이 문자는 현재 원본 문자 집합에서 잘못된 문자입니다(코드 페이지 65001).
G:\github\Dictionary\ver1.1\Dictinoary\get_vocabulary.cpp(1,1): warning C4828: 파일에 0x1cc 오프셋에서 시작하는 문자가 포함되어 있습니다. 이 문자는 현재 원본 문자 집합에서 잘못된 문자입니다(코드 페이지 65001).
G:\github\Dictionary\ver1.1\Dictinoary\get_vocabulary.cpp(1,1): warning C4828: 파일에 0x1ce 오프셋에서 시작하는 문자가 포함되어 있습니다. 이 문자는 현재 원본 문자 집합에서 잘못된 문자입니다(코드 페이지 65001).
G:\github\Dictionary\ver1.1\Dictinoary\get_vocabulary.cpp(1,1): warning C4828: 파일에 0x1d0 오프셋에서 시작하는 문자가 포함되어 있습니다. 이 문자는 현재 원본 문자 집합에서 잘못된 문자입니다(코드 페이지 65001).
G:\github\Dictionary\ver1.1\Dictinoary\get_vocabulary.cpp(1,1): warning C4828: 파일에 0x1d1 오프셋에서 시작하는 문자가 포함되어 있습니다. 이 문자는 현재 원본 문자 집합에서 잘못된 문자입니다(코드 페이지 65001).
G:\github\Dictionary\ver1.1\Dictinoary\get_vocabulary.cpp(1,1): warning C4828: 파일에 0x48b 오프셋에서 시작하는 문자가 포함되어 있습니다. 이 문자는 현재 원본 문자 집합에서 잘못된 문자입니다(코드 페이지 65001).
G:\github\Dictionary\ver1.1\Dictinoary\get_vocabulary.cpp(1,1): warning C4828: 파일에 0x48d 오프셋에서 시작하는 문자가 포함되어 있습니다. 이 문자는 현재 원본 문자 집합에서 잘못된 문자입니다(코드 페이지 65001).
G:\github\Dictionary\ver1.1\Dictinoary\get_vocabulary.cpp(1,1): warning C4828: 파일에 0x48e 오프셋에서 시작하는 문자가 포함되어 있습니다. 이 문자는 현재 원본 문자 집합에서 잘못된 문자입니다(코드 페이지 65001).
G:\github\Dictionary\ver1.1\Dictinoary\get_vocabulary.cpp(1,1): warning C4828: 파일에 0x490 오프셋에서 시작하는 문자가 포함되어 있습니다. 이 문자는 현재 원본 문자 집합에서 잘못된 문자입니다(코드 페이지 65001).
G:\github\Dictionary\ver1.1\Dictinoary\get_vocabulary.cpp(1,1): warning C4828: 파일에 0x492 오프셋에서 시작하는 문자가 포함되어 있습니다. 이 문자는 현재 원본 문자 집합에서 잘못된 문자입니다(코드 페이지 65001).
G:\github\Dictionary\ver1.1\Dictinoary\get_vocabulary.cpp(1,1): warning C4828: 파일에 0x494 오프셋에서 시작하는 문자가 포함되어 있습니다. 이 문자는 현재 원본 문자 집합에서 잘못된 문자입니다(코드 페이지 65001).
G:\github\Dictionary\ver1.1\Dictinoary\get_vocabulary.cpp(1,1): warning C4828: 파일에 0x495 오프셋에서 시작하는 문자가 포함되어 있습니다. 이 문자는 현재 원본 문자 집합에서 잘못된 문자입니다(코드 페이지 65001).
G:\github\Dictionary\ver1.1\Dictinoary\get_vocabulary.cpp(1,1): warning C4828: 파일에 0x499 오프셋에서 시작하는 문자가 포함되어 있습니다. 이 문자는 현재 원본 문자 집합에서 잘못된 문자입니다(코드 페이지 65001).
G:\github\Dictionary\ver1.1\Dictinoary\get_vocabulary.cpp(1,1): warning C4828: 파일에 0x49c 오프셋에서 시작하는 문자가 포함되어 있습니다. 이 문자는 현재 원본 문자 집합에서 잘못된 문자입니다(코드 페이지 65001).
G:\github\Dictionary\ver1.1\Dictinoary\get_vocabulary.cpp(1,1): warning C4828: 파일에 0x49d 오프셋에서 시작하는 문자가 포함되어 있습니다. 이 문자는 현재 원본 문자 집합에서 잘못된 문자입니다(코드 페이지 65001).
G:\github\Dictionary\ver1.1\Dictinoary\get_vocabulary.cpp(1,1): warning C4828: 파일에 0x49e 오프셋에서 시작하는 문자가 포함되어 있습니다. 이 문자는 현재 원본 문자 집합에서 잘못된 문자입니다(코드 페이지 65001).
G:\github\Dictionary\ver1.1\Dictinoary\get_vocabulary.cpp(1,1): warning C4828: 파일에 0xa7e 오프셋에서 시작하는 문자가 포함되어 있습니다. 이 문자는 현재 원본 문자 집합에서 잘못된 문자입니다(코드 페이지 65001).
G:\github\Dictionary\ver1.1\Dictinoary\get_vocabulary.cpp(1,1): warning C4828: 파일에 0xa80 오프셋에서 시작하는 문자가 포함되어 있습니다. 이 문자는 현재 원본 문자 집합에서 잘못된 문자입니다(코드 페이지 65001).
G:\github\Dictionary\ver1.1\Dictinoary\get_vocabulary.cpp(1,1): warning C4828: 파일에 0xa81 오프셋에서 시작하는 문자가 포함되어 있습니다. 이 문자는 현재 원본 문자 집합에서 잘못된 문자입니다(코드 페이지 65001).
G:\github\Dictionary\ver1.1\Dictinoary\get_vocabulary.cpp(1,1): warning C4828: 파일에 0xa8a 오프셋에서 시작하는 문자가 포함되어 있습니다. 이 문자는 현재 원본 문자 집합에서 잘못된 문자입니다(코드 페이지 65001).
G:\github\Dictionary\ver1.1\Dictinoary\get_vocabulary.cpp(1,1): warning C4828: 파일에 0xa8b 오프셋에서 시작하는 문자가 포함되어 있습니다. 이 문자는 현재 원본 문자 집합에서 잘못된 문자입니다(코드 페이지 65001).
G:\github\Dictionary\ver1.1\Dictinoary\get_vocabulary.cpp(1,1): warning C4828: 파일에 0xa8e 오프셋에서 시작하는 문자가 포함되어 있습니다. 이 문자는 현재 원본 문자 집합에서 잘못된 문자입니다(코드 페이지 65001).
G:\github\Dictionary\ver1.1\Dictinoary\get_vocabulary.cpp(1,1): warning C4828: 파일에 0xa90 오프셋에서 시작하는 문자가 포함되어 있습니다. 이 문자는 현재 원본 문자 집합에서 잘못된 문자입니다(코드 페이지 65001).
G:\github\Dictionary\ver1.1\Dictinoary\get_vocabulary.cpp(1,1): warning C4828: 파일에 0xa91 오프셋에서 시작하는 문자가 포함되어 있습니다. 이 문자는 현재 원본 문자 집합에서 잘못된 문자입니다(코드 페이지 65001).
G:\github\Dictionary\ver1.1\Dictinoary\get_vocabulary.cpp(1,1): warning C4828: 파일에 0xa94 오프셋에서 시작하는 문자가 포함되어 있습니다. 이 문자는 현재 원본 문자 집합에서 잘못된 문자입니다(코드 페이지 65001).
G:\github\Dictionary\ver1.1\Dictinoary\get_vocabulary.cpp(1,1): warning C4828: 파일에 0xa97 오프셋에서 시작하는 문자가 포함되어 있습니다. 이 문자는 현재 원본 문자 집합에서 잘못된 문자입니다(코드 페이지 65001).
G:\github\Dictionary\ver1.1\Dictinoary\get_vocabulary.cpp(1,1): warning C4828: 파일에 0xa99 오프셋에서 시작하는 문자가 포함되어 있습니다. 이 문자는 현재 원본 문자 집합에서 잘못된 문자입니다(코드 페이지 65001).
G:\github\Dictionary\ver1.1\Dictinoary\get_vocabulary.cpp(1,1): warning C4828: 파일에 0xb07 오프셋에서 시작하는 문자가 포함되어 있습니다. 이 문자는 현재 원본 문자 집합에서 잘못된 문자입니다(코드 페이지 65001).
G:\github\Dictionary\ver1.1\Dictinoary\get_vocabulary.cpp(1,1): warning C4828: 파일에 0xb08 오프셋에서 시작하는 문자가 포함되어 있습니다. 이 문자는 현재 원본 문자 집합에서 잘못된 문자입니다(코드 페이지 65001).
G:\github\Dictionary\ver1.1\Dictinoary\get_vocabulary.cpp(1,1): warning C4828: 파일에 0xb0a 오프셋에서 시작하는 문자가 포함되어 있습니다. 이 문자는 현재 원본 문자 집합에서 잘못된 문자입니다(코드 페이지 65001).
G:\github\Dictionary\ver1.1\Dictinoary\get_vocabulary.cpp(1,1): warning C4828: 파일에 0xb0c 오프셋에서 시작하는 문자가 포함되어 있습니다. 이 문자는 현재 원본 문자 집합에서 잘못된 문자입니다(코드 페이지 65001).
G:\github\Dictionary\ver1.1\Dictinoary\get_vocabulary.cpp(1,1): warning C4828: 파일에 0xb0f 오프셋에서 시작하는 문자가 포함되어 있습니다. 이 문자는 현재 원본 문자 집합에서 잘못된 문자입니다(코드 페이지 65001).
G:\github\Dictionary\ver1.1\Dictinoary\get_vocabulary.cpp(1,1): warning C4828: 파일에 0xb10 오프셋에서 시작하는 문자가 포함되어 있습니다. 이 문자는 현재 원본 문자 집합에서 잘못된 문자입니다(코드 페이지 65001).
G:\github\Dictionary\ver1.1\Dictinoary\get_vocabulary.cpp(1,1): warning C4828: 파일에 0xb11 오프셋에서 시작하는 문자가 포함되어 있습니다. 이 문자는 현재 원본 문자 집합에서 잘못된 문자입니다(코드 페이지 65001).
G:\github\Dictionary\ver1.1\Dictinoary\get_vocabulary.cpp(1,1): warning C4828: 파일에 0xb15 오프셋에서 시작하는 문자가 포함되어 있습니다. 이 문자는 현재 원본 문자 집합에서 잘못된 문자입니다(코드 페이지 65001).
G:\github\Dictionary\ver1.1\Dictinoary\get_vocabulary.cpp(1,1): warning C4828: 파일에 0xb1a 오프셋에서 시작하는 문자가 포함되어 있습니다. 이 문자는 현재 원본 문자 집합에서 잘못된 문자입니다(코드 페이지 65001).
G:\github\Dictionary\ver1.1\Dictinoary\get_vocabulary.cpp(1,1): warning C4828: 파일에 0xb1b 오프셋에서 시작하는 문자가 포함되어 있습니다. 이 문자는 현재 원본 문자 집합에서 잘못된 문자입니다(코드 페이지 65001).
G:\github\Dictionary\ver1.1\Dictinoary\get_vocabulary.cpp(1,1): warning C4828: 파일에 0xb1d 오프셋에서 시작하는 문자가 포함되어 있습니다. 이 문자는 현재 원본 문자 집합에서 잘못된 문자입니다(코드 페이지 65001).
G:\github\Dictionary\ver1.1\Dictinoary\get_vocabulary.cpp(1,1): warning C4828: 파일에 0xb1e 오프셋에서 시작하는 문자가 포함되어 있습니다. 이 문자는 현재 원본 문자 집합에서 잘못된 문자입니다(코드 페이지 65001).
G:\github\Dictionary\ver1.1\Dictinoary\get_vocabulary.cpp(1,1): warning C4828: 파일에 0xb20 오프셋에서 시작하는 문자가 포함되어 있습니다. 이 문자는 현재 원본 문자 집합에서 잘못된 문자입니다(코드 페이지 65001).
G:\github\Dictionary\ver1.1\Dictinoary\get_vocabulary.cpp(1,1): warning C4828: 파일에 0xbbe 오프셋에서 시작하는 문자가 포함되어 있습니다. 이 문자는 현재 원본 문자 집합에서 잘못된 문자입니다(코드 페이지 65001).
G:\github\Dictionary\ver1.1\Dictinoary\get_vocabulary.cpp(1,1): warning C4828: 파일에 0xbbf 오프셋에서 시작하는 문자가 포함되어 있습니다. 이 문자는 현재 원본 문자 집합에서 잘못된 문자입니다(코드 페이지 65001).
G:\github\Dictionary\ver1.1\Dictinoary\get_vocabulary.cpp(1,1): warning C4828: 파일에 0xbc1 오프셋에서 시작하는 문자가 포함되어 있습니다. 이 문자는 현재 원본 문자 집합에서 잘못된 문자입니다(코드 페이지 65001).
G:\github\Dictionary\ver1.1\Dictinoary\get_vocabulary.cpp(1,1): warning C4828: 파일에 0xbc5 오프셋에서 시작하는 문자가 포함되어 있습니다. 이 문자는 현재 원본 문자 집합에서 잘못된 문자입니다(코드 페이지 65001).
G:\github\Dictionary\ver1.1\Dictinoary\get_vocabulary.cpp(1,1): warning C4828: 파일에 0xbc6 오프셋에서 시작하는 문자가 포함되어 있습니다. 이 문자는 현재 원본 문자 집합에서 잘못된 문자입니다(코드 페이지 65001).
G:\github\Dictionary\ver1.1\Dictinoary\get_vocabulary.cpp(1,1): warning C4828: 파일에 0xbc8 오프셋에서 시작하는 문자가 포함되어 있습니다. 이 문자는 현재 원본 문자 집합에서 잘못된 문자입니다(코드 페이지 65001).
G:\github\Dictionary\ver1.1\Dictinoary\get_vocabulary.cpp(1,1): warning C4828: 파일에 0xbc9 오프셋에서 시작하는 문자가 포함되어 있습니다. 이 문자는 현재 원본 문자 집합에서 잘못된 문자입니다(코드 페이지 65001).
G:\github\Dictionary\ver1.1\Dictinoary\get_vocabulary.cpp(1,1): warning C4828: 파일에 0xbca 오프셋에서 시작하는 문자가 포함되어 있습니다. 이 문자는 현재 원본 문자 집합에서 잘못된 문자입니다(코드 페이지 65001).
G:\github\Dictionary\ver1.1\Dictinoary\get_vocabulary.cpp(1,1): warning C4828: 파일에 0xbcb 오프셋에서 시작하는 문자가 포함되어 있습니다. 이 문자는 현재 원본 문자 집합에서 잘못된 문자입니다(코드 페이지 65001).
G:\github\Dictionary\ver1.1\Dictinoary\get_vocabulary.cpp(1,1): warning C4828: 파일에 0xbcc 오프셋에서 시작하는 문자가 포함되어 있습니다. 이 문자는 현재 원본 문자 집합에서 잘못된 문자입니다(코드 페이지 65001).
G:\github\Dictionary\ver1.1\Dictinoary\get_vocabulary.cpp(1,1): warning C4828: 파일에 0xbcd 오프셋에서 시작하는 문자가 포함되어 있습니다. 이 문자는 현재 원본 문자 집합에서 잘못된 문자입니다(코드 페이지 65001).
G:\github\Dictionary\ver1.1\Dictinoary\get_vocabulary.cpp(1,1): warning C4828: 파일에 0xbd4 오프셋에서 시작하는 문자가 포함되어 있습니다. 이 문자는 현재 원본 문자 집합에서 잘못된 문자입니다(코드 페이지 65001).
G:\github\Dictionary\ver1.1\Dictinoary\get_vocabulary.cpp(1,1): warning C4828: 파일에 0xbd5 오프셋에서 시작하는 문자가 포함되어 있습니다. 이 문자는 현재 원본 문자 집합에서 잘못된 문자입니다(코드 페이지 65001).
G:\github\Dictionary\ver1.1\Dictinoary\get_vocabulary.cpp(1,1): warning C4828: 파일에 0xbd7 오프셋에서 시작하는 문자가 포함되어 있습니다. 이 문자는 현재 원본 문자 집합에서 잘못된 문자입니다(코드 페이지 65001).
G:\github\Dictionary\ver1.1\Dictinoary\get_vocabulary.cpp(1,1): warning C4828: 파일에 0xbd8 오프셋에서 시작하는 문자가 포함되어 있습니다. 이 문자는 현재 원본 문자 집합에서 잘못된 문자입니다(코드 페이지 65001).
G:\github\Dictionary\ver1.1\Dictinoary\get_vocabulary.cpp(1,1): warning C4828: 파일에 0xbda 오프셋에서 시작하는 문자가 포함되어 있습니다. 이 문자는 현재 원본 문자 집합에서 잘못된 문자입니다(코드 페이지 65001).
G:\github\Dictionary\ver1.1\Dictinoary\get_vocabulary.cpp(106,28): warning C4267: 'return': 'size_t'에서 'int'(으)로 변환하면서 데이터가 손실될 수 있습니다.
  main.cpp
  test.cpp
G:\github\Dictionary\ver1.1\Dictinoary\test.cpp(29,16): warning C4244: '초기화 중': '_Rep'에서 'unsigned int'(으)로 변환하면서 데이터가 손실될 수 있습니다.
          with
          [
              _Rep=std::chrono::system_clock::rep
          ]
  코드를 생성하고 있습니다...
  Dictinoary.vcxproj -> G:\github\Dictionary\ver1.1\x64\Debug\Dictinoary.exe
